{"level":"info","message":"connected to mongodb","timestamp":"2018-12-16T11:34:01.033Z"}
{"level":"info","message":"connected to mongodb","timestamp":"2018-12-16T11:34:13.426Z"}
{"message":"test","stack":"Error: test\n    at router.get (D:\\Projects\\EVocab\\EVocab\\server\\routes\\users.js:15:11)\n    at D:\\Projects\\EVocab\\EVocab\\server\\node_modules\\express-async-errors\\index.js:17:17\n    at Layer.handle [as handle_request] (D:\\Projects\\EVocab\\EVocab\\server\\node_modules\\express\\lib\\router\\layer.js:95:5)\n    at next (D:\\Projects\\EVocab\\EVocab\\server\\node_modules\\express\\lib\\router\\route.js:137:13)\n    at auth (D:\\Projects\\EVocab\\EVocab\\server\\middleware\\auth.js:10:9)\n    at D:\\Projects\\EVocab\\EVocab\\server\\node_modules\\express-async-errors\\index.js:17:17\n    at Layer.handle [as handle_request] (D:\\Projects\\EVocab\\EVocab\\server\\node_modules\\express\\lib\\router\\layer.js:95:5)\n    at next (D:\\Projects\\EVocab\\EVocab\\server\\node_modules\\express\\lib\\router\\route.js:137:13)\n    at Route.dispatch (D:\\Projects\\EVocab\\EVocab\\server\\node_modules\\express\\lib\\router\\route.js:112:3)\n    at D:\\Projects\\EVocab\\EVocab\\server\\node_modules\\express-async-errors\\index.js:17:17\n    at Layer.handle [as handle_request] (D:\\Projects\\EVocab\\EVocab\\server\\node_modules\\express\\lib\\router\\layer.js:95:5)\n    at D:\\Projects\\EVocab\\EVocab\\server\\node_modules\\express\\lib\\router\\index.js:281:22\n    at Function.process_params (D:\\Projects\\EVocab\\EVocab\\server\\node_modules\\express\\lib\\router\\index.js:335:12)\n    at next (D:\\Projects\\EVocab\\EVocab\\server\\node_modules\\express\\lib\\router\\index.js:275:10)\n    at Function.handle (D:\\Projects\\EVocab\\EVocab\\server\\node_modules\\express\\lib\\router\\index.js:174:3)\n    at router (D:\\Projects\\EVocab\\EVocab\\server\\node_modules\\express\\lib\\router\\index.js:47:12)","level":"error","timestamp":"2018-12-16T11:34:21.797Z"}
{"level":"info","message":"connected to mongodb","timestamp":"2018-12-16T11:34:30.015Z"}
{"level":"info","message":"connected to mongodb","timestamp":"2018-12-16T11:34:56.117Z"}
{"level":"info","message":"connected to mongodb","timestamp":"2018-12-16T11:35:13.658Z"}
{"level":"info","message":"connected to mongodb","timestamp":"2018-12-16T11:35:53.334Z"}
{"level":"info","message":"connected to mongodb","timestamp":"2018-12-16T11:35:56.342Z"}
{"level":"info","message":"connected to mongodb","timestamp":"2018-12-16T11:36:02.851Z"}
{"level":"info","message":"connected to mongodb","timestamp":"2018-12-16T11:36:12.915Z"}
{"level":"info","message":"connected to mongodb","timestamp":"2018-12-16T11:36:38.079Z"}
{"level":"info","message":"connected to mongodb","timestamp":"2018-12-16T11:36:47.378Z"}
{"level":"info","message":"connected to mongodb","timestamp":"2018-12-16T11:36:58.030Z"}
{"level":"info","message":"connected to mongodb","timestamp":"2018-12-16T11:37:02.029Z"}
{"message":"test","stack":"Error: test\n    at router.get (D:\\Projects\\EVocab\\EVocab\\server\\routes\\users.js:15:11)\n    at D:\\Projects\\EVocab\\EVocab\\server\\node_modules\\express-async-errors\\index.js:17:17\n    at Layer.handle [as handle_request] (D:\\Projects\\EVocab\\EVocab\\server\\node_modules\\express\\lib\\router\\layer.js:95:5)\n    at next (D:\\Projects\\EVocab\\EVocab\\server\\node_modules\\express\\lib\\router\\route.js:137:13)\n    at auth (D:\\Projects\\EVocab\\EVocab\\server\\middleware\\auth.js:10:9)\n    at D:\\Projects\\EVocab\\EVocab\\server\\node_modules\\express-async-errors\\index.js:17:17\n    at Layer.handle [as handle_request] (D:\\Projects\\EVocab\\EVocab\\server\\node_modules\\express\\lib\\router\\layer.js:95:5)\n    at next (D:\\Projects\\EVocab\\EVocab\\server\\node_modules\\express\\lib\\router\\route.js:137:13)\n    at Route.dispatch (D:\\Projects\\EVocab\\EVocab\\server\\node_modules\\express\\lib\\router\\route.js:112:3)\n    at D:\\Projects\\EVocab\\EVocab\\server\\node_modules\\express-async-errors\\index.js:17:17\n    at Layer.handle [as handle_request] (D:\\Projects\\EVocab\\EVocab\\server\\node_modules\\express\\lib\\router\\layer.js:95:5)\n    at D:\\Projects\\EVocab\\EVocab\\server\\node_modules\\express\\lib\\router\\index.js:281:22\n    at Function.process_params (D:\\Projects\\EVocab\\EVocab\\server\\node_modules\\express\\lib\\router\\index.js:335:12)\n    at next (D:\\Projects\\EVocab\\EVocab\\server\\node_modules\\express\\lib\\router\\index.js:275:10)\n    at Function.handle (D:\\Projects\\EVocab\\EVocab\\server\\node_modules\\express\\lib\\router\\index.js:174:3)\n    at router (D:\\Projects\\EVocab\\EVocab\\server\\node_modules\\express\\lib\\router\\index.js:47:12)","level":"error","timestamp":"2018-12-16T11:37:07.678Z"}
{"level":"info","message":"connected to mongodb","timestamp":"2018-12-16T11:37:18.717Z"}
{"level":"info","message":"connected to mongodb","timestamp":"2018-12-16T11:37:31.032Z"}
{"level":"info","message":"connected to mongodb","timestamp":"2018-12-16T11:37:38.907Z"}
{"message":"test","stack":"Error: test\n    at router.get (D:\\Projects\\EVocab\\EVocab\\server\\routes\\users.js:15:11)\n    at D:\\Projects\\EVocab\\EVocab\\server\\node_modules\\express-async-errors\\index.js:17:17\n    at Layer.handle [as handle_request] (D:\\Projects\\EVocab\\EVocab\\server\\node_modules\\express\\lib\\router\\layer.js:95:5)\n    at next (D:\\Projects\\EVocab\\EVocab\\server\\node_modules\\express\\lib\\router\\route.js:137:13)\n    at auth (D:\\Projects\\EVocab\\EVocab\\server\\middleware\\auth.js:10:9)\n    at D:\\Projects\\EVocab\\EVocab\\server\\node_modules\\express-async-errors\\index.js:17:17\n    at Layer.handle [as handle_request] (D:\\Projects\\EVocab\\EVocab\\server\\node_modules\\express\\lib\\router\\layer.js:95:5)\n    at next (D:\\Projects\\EVocab\\EVocab\\server\\node_modules\\express\\lib\\router\\route.js:137:13)\n    at Route.dispatch (D:\\Projects\\EVocab\\EVocab\\server\\node_modules\\express\\lib\\router\\route.js:112:3)\n    at D:\\Projects\\EVocab\\EVocab\\server\\node_modules\\express-async-errors\\index.js:17:17\n    at Layer.handle [as handle_request] (D:\\Projects\\EVocab\\EVocab\\server\\node_modules\\express\\lib\\router\\layer.js:95:5)\n    at D:\\Projects\\EVocab\\EVocab\\server\\node_modules\\express\\lib\\router\\index.js:281:22\n    at Function.process_params (D:\\Projects\\EVocab\\EVocab\\server\\node_modules\\express\\lib\\router\\index.js:335:12)\n    at next (D:\\Projects\\EVocab\\EVocab\\server\\node_modules\\express\\lib\\router\\index.js:275:10)\n    at Function.handle (D:\\Projects\\EVocab\\EVocab\\server\\node_modules\\express\\lib\\router\\index.js:174:3)\n    at router (D:\\Projects\\EVocab\\EVocab\\server\\node_modules\\express\\lib\\router\\index.js:47:12)","level":"error","timestamp":"2018-12-16T11:37:42.113Z"}
{"level":"info","message":"connected to mongodb","timestamp":"2018-12-16T12:28:03.555Z"}
{"message":"test","stack":"Error: test\n    at router.get (D:\\Projects\\EVocab\\EVocab\\server\\routes\\users.js:15:11)\n    at D:\\Projects\\EVocab\\EVocab\\server\\node_modules\\express-async-errors\\index.js:17:17\n    at Layer.handle [as handle_request] (D:\\Projects\\EVocab\\EVocab\\server\\node_modules\\express\\lib\\router\\layer.js:95:5)\n    at next (D:\\Projects\\EVocab\\EVocab\\server\\node_modules\\express\\lib\\router\\route.js:137:13)\n    at auth (D:\\Projects\\EVocab\\EVocab\\server\\middleware\\auth.js:10:9)\n    at D:\\Projects\\EVocab\\EVocab\\server\\node_modules\\express-async-errors\\index.js:17:17\n    at Layer.handle [as handle_request] (D:\\Projects\\EVocab\\EVocab\\server\\node_modules\\express\\lib\\router\\layer.js:95:5)\n    at next (D:\\Projects\\EVocab\\EVocab\\server\\node_modules\\express\\lib\\router\\route.js:137:13)\n    at Route.dispatch (D:\\Projects\\EVocab\\EVocab\\server\\node_modules\\express\\lib\\router\\route.js:112:3)\n    at D:\\Projects\\EVocab\\EVocab\\server\\node_modules\\express-async-errors\\index.js:17:17\n    at Layer.handle [as handle_request] (D:\\Projects\\EVocab\\EVocab\\server\\node_modules\\express\\lib\\router\\layer.js:95:5)\n    at D:\\Projects\\EVocab\\EVocab\\server\\node_modules\\express\\lib\\router\\index.js:281:22\n    at Function.process_params (D:\\Projects\\EVocab\\EVocab\\server\\node_modules\\express\\lib\\router\\index.js:335:12)\n    at next (D:\\Projects\\EVocab\\EVocab\\server\\node_modules\\express\\lib\\router\\index.js:275:10)\n    at Function.handle (D:\\Projects\\EVocab\\EVocab\\server\\node_modules\\express\\lib\\router\\index.js:174:3)\n    at router (D:\\Projects\\EVocab\\EVocab\\server\\node_modules\\express\\lib\\router\\index.js:47:12)","level":"error","timestamp":"2018-12-16T12:28:05.907Z"}
{"level":"info","message":"connected to mongodb","timestamp":"2018-12-16T12:28:13.487Z"}
{"level":"info","message":"connected to mongodb","timestamp":"2018-12-16T12:30:07.014Z"}
{"level":"info","message":"connected to mongodb","timestamp":"2018-12-16T13:29:49.909Z"}
{"level":"info","message":"connected to mongodb","timestamp":"2018-12-16T13:29:53.955Z"}
{"level":"info","message":"connected to mongodb","timestamp":"2018-12-16T13:30:17.819Z"}
{"level":"info","message":"connected to mongodb","timestamp":"2018-12-16T13:30:21.998Z"}
{"level":"info","message":"connected to mongodb","timestamp":"2018-12-16T13:30:33.068Z"}
{"level":"info","message":"connected to mongodb","timestamp":"2018-12-16T13:31:06.216Z"}
{"level":"info","message":"connected to mongodb","timestamp":"2018-12-16T13:32:20.562Z"}
{"level":"info","message":"connected to mongodb","timestamp":"2018-12-16T13:32:39.349Z"}
{"level":"info","message":"connected to mongodb","timestamp":"2018-12-16T13:33:11.665Z"}
{"level":"info","message":"connected to mongodb","timestamp":"2018-12-16T13:33:37.740Z"}
{"level":"info","message":"connected to mongodb","timestamp":"2018-12-16T13:33:56.752Z"}
{"level":"info","message":"connected to mongodb","timestamp":"2018-12-16T13:34:11.851Z"}
{"level":"info","message":"connected to mongodb","timestamp":"2018-12-16T13:35:20.008Z"}
{"level":"info","message":"","timestamp":"2018-12-16T13:36:00.525Z"}
{"level":"info","message":"connected to mongodb","timestamp":"2018-12-16T13:36:01.838Z"}
{"level":"info","message":"connected to server listening on port 3002","timestamp":"2018-12-16T13:36:28.582Z"}
{"level":"info","message":"connected to mongodb","timestamp":"2018-12-16T13:36:29.764Z"}
{"level":"info","message":"Listening on port 3002","timestamp":"2018-12-16T13:36:37.325Z"}
{"level":"info","message":"connected to mongodb","timestamp":"2018-12-16T13:36:38.431Z"}
{"level":"info","message":"Listening on port 3002","timestamp":"2018-12-16T13:56:18.637Z"}
{"level":"info","message":"connected to mongodb","timestamp":"2018-12-16T13:56:19.903Z"}
{"level":"info","message":"Listening on port 3002","timestamp":"2018-12-16T13:57:25.469Z"}
{"level":"info","message":"connected to mongodb","timestamp":"2018-12-16T13:57:26.651Z"}
{"level":"info","message":"Listening on port 3002","timestamp":"2018-12-16T13:58:30.690Z"}
{"level":"info","message":"connected to mongodb","timestamp":"2018-12-16T13:58:31.935Z"}
{"level":"info","message":"Listening on port 3002","timestamp":"2018-12-16T14:00:10.173Z"}
{"level":"info","message":"connected to mongodb","timestamp":"2018-12-16T14:00:11.333Z"}
{"level":"info","message":"Listening on port 3002","timestamp":"2018-12-16T14:01:25.370Z"}
{"level":"info","message":"connected to mongodb","timestamp":"2018-12-16T14:01:26.552Z"}
{"level":"info","message":"Listening on port 3002","timestamp":"2018-12-16T14:02:04.144Z"}
{"level":"info","message":"connected to mongodb","timestamp":"2018-12-16T14:02:05.386Z"}
{"level":"info","message":"Listening on port 3002","timestamp":"2018-12-16T14:02:26.548Z"}
{"level":"info","message":"connected to mongodb","timestamp":"2018-12-16T14:02:27.709Z"}
{"level":"info","message":"Listening on port 3002","timestamp":"2018-12-16T14:02:46.144Z"}
{"level":"info","message":"connected to mongodb","timestamp":"2018-12-16T14:02:47.317Z"}
{"level":"info","message":"Listening on port 3002","timestamp":"2018-12-16T14:03:08.566Z"}
{"level":"info","message":"Listening on port 3002","timestamp":"2018-12-16T14:21:57.922Z"}
{"level":"info","message":"connected to mongodb","timestamp":"2018-12-16T14:21:59.169Z"}
{"level":"info","message":"Listening on port 3002","timestamp":"2018-12-16T14:23:00.782Z"}
{"level":"info","message":"connected to mongodb","timestamp":"2018-12-16T14:23:01.939Z"}
{"level":"info","message":"Listening on port 3002","timestamp":"2018-12-16T14:23:25.904Z"}
{"level":"info","message":"Listening on port 3002","timestamp":"2018-12-16T14:23:27.718Z"}
{"level":"info","message":"connected to mongodb","timestamp":"2018-12-16T14:23:28.866Z"}
{"level":"info","message":"Listening on port 3002","timestamp":"2018-12-16T14:25:25.888Z"}
{"level":"info","message":"connected to mongodb","timestamp":"2018-12-16T14:25:27.145Z"}
{"level":"info","message":"Listening on port 3002","timestamp":"2018-12-16T14:30:23.740Z"}
{"level":"info","message":"connected to mongodb","timestamp":"2018-12-16T14:30:24.836Z"}
{"level":"info","message":"Listening on port 3002","timestamp":"2018-12-31T10:54:53.000Z"}
{"level":"info","message":"connected to mongodb","timestamp":"2018-12-31T10:54:54.618Z"}
{"level":"info","message":"Listening on port 3002","timestamp":"2019-01-02T14:45:07.608Z"}
{"level":"info","message":"connected to mongodb","timestamp":"2019-01-02T14:45:09.456Z"}
{"level":"info","message":"Listening on port 3002","timestamp":"2019-01-02T14:47:58.979Z"}
{"level":"info","message":"connected to mongodb","timestamp":"2019-01-02T14:48:01.084Z"}
{"level":"info","message":"Listening on port 3002","timestamp":"2019-01-02T14:49:43.217Z"}
{"level":"info","message":"connected to mongodb","timestamp":"2019-01-02T14:49:45.106Z"}
{"level":"info","message":"Listening on port 3002","timestamp":"2019-01-02T14:50:05.560Z"}
{"level":"info","message":"connected to mongodb","timestamp":"2019-01-02T14:50:06.980Z"}
{"level":"info","message":"Listening on port 3002","timestamp":"2019-01-02T14:50:09.913Z"}
{"level":"info","message":"connected to mongodb","timestamp":"2019-01-02T14:50:11.454Z"}
{"level":"info","message":"Listening on port 3002","timestamp":"2019-01-02T14:52:09.504Z"}
{"level":"info","message":"connected to mongodb","timestamp":"2019-01-02T14:52:11.488Z"}
{"level":"info","message":"Listening on port 3002","timestamp":"2019-01-02T14:52:12.938Z"}
{"level":"info","message":"Listening on port 3002","timestamp":"2019-01-02T14:52:15.964Z"}
{"level":"info","message":"connected to mongodb","timestamp":"2019-01-02T14:52:18.296Z"}
{"message":"Unexpected token } in JSON at position 105","stack":"SyntaxError: Unexpected token } in JSON at position 105\n    at JSON.parse (<anonymous>)\n    at parse (/Users/Chokobar/Documents/Projects/EVocab/EVocab/server/node_modules/body-parser/lib/types/json.js:89:19)\n    at /Users/Chokobar/Documents/Projects/EVocab/EVocab/server/node_modules/body-parser/lib/read.js:121:18\n    at invokeCallback (/Users/Chokobar/Documents/Projects/EVocab/EVocab/server/node_modules/raw-body/index.js:224:16)\n    at done (/Users/Chokobar/Documents/Projects/EVocab/EVocab/server/node_modules/raw-body/index.js:213:7)\n    at IncomingMessage.onEnd (/Users/Chokobar/Documents/Projects/EVocab/EVocab/server/node_modules/raw-body/index.js:273:7)\n    at emitNone (events.js:106:13)\n    at IncomingMessage.emit (events.js:208:7)\n    at endReadableNT (_stream_readable.js:1064:12)\n    at _combinedTickCallback (internal/process/next_tick.js:138:11)\n    at process._tickCallback (internal/process/next_tick.js:180:9)","expose":true,"statusCode":400,"status":400,"body":"{\n\t\"username\":\"Purkin\",\n\t\"password\": \"j8418232982\",\n\t\"email\": \"jaychokobar@gmail.com\",\n\t\"isAdmin\": true,\n}","type":"entity.parse.failed","level":"error","timestamp":"2019-01-02T14:53:09.985Z"}
{"level":"info","message":"Listening on port 3002","timestamp":"2019-01-02T14:53:29.647Z"}
{"level":"info","message":"connected to mongodb","timestamp":"2019-01-02T14:53:30.990Z"}
{"level":"info","message":"Listening on port 3002","timestamp":"2019-01-02T14:53:59.231Z"}
{"level":"info","message":"connected to mongodb","timestamp":"2019-01-02T14:54:00.870Z"}
{"level":"info","message":"Listening on port 3002","timestamp":"2019-01-02T14:55:05.755Z"}
{"level":"info","message":"connected to mongodb","timestamp":"2019-01-02T14:55:07.437Z"}
{"level":"info","message":"Listening on port 3002","timestamp":"2019-01-02T14:55:12.185Z"}
{"level":"info","message":"connected to mongodb","timestamp":"2019-01-02T14:55:13.793Z"}
{"level":"info","message":"Listening on port 3002","timestamp":"2019-01-02T14:56:05.699Z"}
{"level":"info","message":"connected to mongodb","timestamp":"2019-01-02T14:56:07.259Z"}
{"level":"info","message":"Listening on port 3002","timestamp":"2019-01-02T14:59:34.050Z"}
{"level":"info","message":"connected to mongodb","timestamp":"2019-01-02T14:59:35.554Z"}
{"level":"info","message":"Listening on port 3002","timestamp":"2019-01-02T14:59:38.842Z"}
{"level":"info","message":"connected to mongodb","timestamp":"2019-01-02T14:59:40.570Z"}
{"level":"info","message":"Listening on port 3002","timestamp":"2019-01-02T15:00:16.808Z"}
{"level":"info","message":"connected to mongodb","timestamp":"2019-01-02T15:00:18.218Z"}
{"level":"info","message":"Listening on port 3002","timestamp":"2019-01-02T15:00:29.236Z"}
{"level":"info","message":"connected to mongodb","timestamp":"2019-01-02T15:00:31.030Z"}
{"level":"info","message":"Listening on port 3002","timestamp":"2019-01-02T15:00:38.629Z"}
{"level":"info","message":"connected to mongodb","timestamp":"2019-01-02T15:00:40.677Z"}
{"level":"info","message":"Listening on port 3002","timestamp":"2019-01-02T15:01:12.663Z"}
{"level":"info","message":"connected to mongodb","timestamp":"2019-01-02T15:01:14.672Z"}
{"level":"info","message":"Listening on port 3002","timestamp":"2019-01-02T15:01:34.898Z"}
{"level":"info","message":"connected to mongodb","timestamp":"2019-01-02T15:01:36.778Z"}
{"level":"info","message":"Listening on port 3002","timestamp":"2019-01-02T15:02:32.781Z"}
{"level":"info","message":"connected to mongodb","timestamp":"2019-01-02T15:02:34.530Z"}
{"level":"info","message":"Listening on port 3002","timestamp":"2019-01-02T15:03:26.413Z"}
{"level":"info","message":"connected to mongodb","timestamp":"2019-01-02T15:03:27.893Z"}
{"level":"info","message":"Listening on port 3002","timestamp":"2019-01-02T15:05:08.300Z"}
{"level":"info","message":"connected to mongodb","timestamp":"2019-01-02T15:05:09.835Z"}
{"level":"info","message":"Listening on port 3002","timestamp":"2019-01-02T15:05:25.729Z"}
{"level":"info","message":"connected to mongodb","timestamp":"2019-01-02T15:05:27.673Z"}
{"level":"info","message":"Listening on port 3002","timestamp":"2019-01-02T15:12:13.745Z"}
{"level":"info","message":"connected to mongodb","timestamp":"2019-01-02T15:12:15.764Z"}
{"level":"info","message":"Listening on port 3002","timestamp":"2019-01-02T15:12:31.495Z"}
{"level":"info","message":"connected to mongodb","timestamp":"2019-01-02T15:12:33.123Z"}
{"level":"info","message":"Listening on port 3002","timestamp":"2019-01-02T15:12:50.892Z"}
{"level":"info","message":"Listening on port 3002","timestamp":"2019-01-02T15:12:52.676Z"}
{"level":"info","message":"connected to mongodb","timestamp":"2019-01-02T15:12:54.486Z"}
{"level":"info","message":"Listening on port 3002","timestamp":"2019-01-02T15:13:00.171Z"}
{"level":"info","message":"connected to mongodb","timestamp":"2019-01-02T15:13:01.876Z"}
{"level":"info","message":"Listening on port 3002","timestamp":"2019-01-02T15:13:18.999Z"}
{"level":"info","message":"Listening on port 3002","timestamp":"2019-01-02T15:13:26.327Z"}
{"level":"info","message":"connected to mongodb","timestamp":"2019-01-02T15:13:27.835Z"}
{"level":"info","message":"Listening on port 3002","timestamp":"2019-01-02T15:14:05.908Z"}
{"level":"info","message":"connected to mongodb","timestamp":"2019-01-02T15:14:07.846Z"}
{"level":"info","message":"Listening on port 3002","timestamp":"2019-01-02T15:16:01.393Z"}
{"level":"info","message":"connected to mongodb","timestamp":"2019-01-02T15:16:03.312Z"}
{"level":"info","message":"Listening on port 3002","timestamp":"2019-01-02T15:16:33.819Z"}
{"level":"info","message":"connected to mongodb","timestamp":"2019-01-02T15:16:35.335Z"}
{"level":"info","message":"Listening on port 3002","timestamp":"2019-01-02T15:17:02.746Z"}
{"level":"info","message":"connected to mongodb","timestamp":"2019-01-02T15:17:04.617Z"}
{"level":"info","message":"Listening on port 3002","timestamp":"2019-01-02T15:17:16.759Z"}
{"level":"info","message":"connected to mongodb","timestamp":"2019-01-02T15:17:18.875Z"}
{"level":"info","message":"Listening on port 3002","timestamp":"2019-01-02T15:17:29.393Z"}
{"level":"info","message":"connected to mongodb","timestamp":"2019-01-02T15:17:31.776Z"}
{"level":"info","message":"Listening on port 3002","timestamp":"2019-01-02T15:18:33.765Z"}
{"level":"info","message":"connected to mongodb","timestamp":"2019-01-02T15:18:35.664Z"}
{"level":"info","message":"Listening on port 3002","timestamp":"2019-01-02T15:18:53.809Z"}
{"level":"info","message":"connected to mongodb","timestamp":"2019-01-02T15:18:55.603Z"}
{"level":"info","message":"Listening on port 3002","timestamp":"2019-01-02T15:19:14.306Z"}
{"level":"info","message":"connected to mongodb","timestamp":"2019-01-02T15:19:16.126Z"}
{"level":"info","message":"Listening on port 3002","timestamp":"2019-01-02T15:31:52.567Z"}
{"level":"info","message":"connected to mongodb","timestamp":"2019-01-02T15:31:54.270Z"}
{"level":"info","message":"Listening on port 3002","timestamp":"2019-01-02T15:33:36.271Z"}
{"level":"info","message":"connected to mongodb","timestamp":"2019-01-02T15:33:38.029Z"}
{"level":"info","message":"Listening on port 3002","timestamp":"2019-01-02T15:34:03.139Z"}
{"level":"info","message":"Listening on port 3002","timestamp":"2019-01-02T15:34:04.800Z"}
{"level":"info","message":"connected to mongodb","timestamp":"2019-01-02T15:34:06.642Z"}
{"message":"Can't set headers after they are sent.","stack":"Error: Can't set headers after they are sent.\n    at validateHeader (_http_outgoing.js:491:11)\n    at ServerResponse.setHeader (_http_outgoing.js:498:3)\n    at ServerResponse.header (/Users/Chokobar/Documents/Projects/EVocab/EVocab/server/node_modules/express/lib/response.js:767:10)\n    at ServerResponse.send (/Users/Chokobar/Documents/Projects/EVocab/EVocab/server/node_modules/express/lib/response.js:170:12)\n    at router.post (/Users/Chokobar/Documents/Projects/EVocab/EVocab/server/routes/vocab.js:11:21)\n    at <anonymous>\n    at process._tickCallback (internal/process/next_tick.js:188:7)","level":"error","timestamp":"2019-01-02T15:34:08.379Z"}
{"message":"Can't set headers after they are sent.","stack":"Error: Can't set headers after they are sent.\n    at validateHeader (_http_outgoing.js:491:11)\n    at ServerResponse.setHeader (_http_outgoing.js:498:3)\n    at ServerResponse.header (/Users/Chokobar/Documents/Projects/EVocab/EVocab/server/node_modules/express/lib/response.js:767:10)\n    at ServerResponse.send (/Users/Chokobar/Documents/Projects/EVocab/EVocab/server/node_modules/express/lib/response.js:170:12)\n    at router.post (/Users/Chokobar/Documents/Projects/EVocab/EVocab/server/routes/vocab.js:11:21)\n    at <anonymous>\n    at process._tickCallback (internal/process/next_tick.js:188:7)","level":"error","timestamp":"2019-01-02T15:34:23.193Z"}
{"level":"info","message":"Listening on port 3002","timestamp":"2019-01-02T15:34:31.057Z"}
{"level":"info","message":"connected to mongodb","timestamp":"2019-01-02T15:34:32.618Z"}
{"level":"info","message":"Listening on port 3002","timestamp":"2019-01-02T15:35:16.318Z"}
{"level":"info","message":"connected to mongodb","timestamp":"2019-01-02T15:35:17.920Z"}
{"message":"Can't set headers after they are sent.","stack":"Error: Can't set headers after they are sent.\n    at validateHeader (_http_outgoing.js:491:11)\n    at ServerResponse.setHeader (_http_outgoing.js:498:3)\n    at ServerResponse.header (/Users/Chokobar/Documents/Projects/EVocab/EVocab/server/node_modules/express/lib/response.js:767:10)\n    at ServerResponse.send (/Users/Chokobar/Documents/Projects/EVocab/EVocab/server/node_modules/express/lib/response.js:170:12)\n    at router.post (/Users/Chokobar/Documents/Projects/EVocab/EVocab/server/routes/vocab.js:11:21)\n    at <anonymous>\n    at process._tickCallback (internal/process/next_tick.js:188:7)","level":"error","timestamp":"2019-01-02T15:35:19.639Z"}
{"level":"info","message":"Listening on port 3002","timestamp":"2019-01-02T15:36:11.038Z"}
{"level":"info","message":"connected to mongodb","timestamp":"2019-01-02T15:36:12.809Z"}
{"level":"info","message":"Listening on port 3002","timestamp":"2019-01-02T15:36:37.673Z"}
{"level":"info","message":"connected to mongodb","timestamp":"2019-01-02T15:36:39.415Z"}
{"level":"info","message":"Listening on port 3002","timestamp":"2019-01-02T15:36:45.680Z"}
{"level":"info","message":"connected to mongodb","timestamp":"2019-01-02T15:36:47.090Z"}
{"level":"info","message":"Listening on port 3002","timestamp":"2019-01-02T15:37:29.190Z"}
{"level":"info","message":"connected to mongodb","timestamp":"2019-01-02T15:37:31.306Z"}
{"level":"info","message":"Listening on port 3002","timestamp":"2019-01-02T15:37:59.865Z"}
{"level":"info","message":"connected to mongodb","timestamp":"2019-01-02T15:38:02.006Z"}
{"level":"info","message":"Listening on port 3002","timestamp":"2019-01-02T15:39:18.840Z"}
{"level":"info","message":"connected to mongodb","timestamp":"2019-01-02T15:39:21.677Z"}
{"level":"info","message":"Listening on port 3002","timestamp":"2019-01-02T15:39:46.281Z"}
{"level":"info","message":"connected to mongodb","timestamp":"2019-01-02T15:39:47.652Z"}
{"level":"info","message":"Listening on port 3002","timestamp":"2019-01-02T15:39:58.414Z"}
{"level":"info","message":"connected to mongodb","timestamp":"2019-01-02T15:39:59.972Z"}
{"level":"info","message":"Listening on port 3002","timestamp":"2019-01-02T15:40:37.543Z"}
{"level":"info","message":"connected to mongodb","timestamp":"2019-01-02T15:40:39.429Z"}
{"level":"info","message":"Listening on port 3002","timestamp":"2019-01-02T15:40:48.950Z"}
{"level":"info","message":"connected to mongodb","timestamp":"2019-01-02T15:40:50.693Z"}
{"level":"info","message":"Listening on port 3002","timestamp":"2019-01-02T15:41:49.719Z"}
{"level":"info","message":"connected to mongodb","timestamp":"2019-01-02T15:41:51.167Z"}
{"level":"info","message":"Listening on port 3002","timestamp":"2019-01-02T15:42:13.848Z"}
{"level":"info","message":"connected to mongodb","timestamp":"2019-01-02T15:42:15.665Z"}
{"level":"info","message":"Listening on port 3002","timestamp":"2019-01-02T15:42:36.161Z"}
{"level":"info","message":"connected to mongodb","timestamp":"2019-01-02T15:42:38.074Z"}
{"level":"info","message":"Listening on port 3002","timestamp":"2019-01-02T15:42:39.545Z"}
{"level":"info","message":"connected to mongodb","timestamp":"2019-01-02T15:42:41.163Z"}
{"level":"info","message":"Listening on port 3002","timestamp":"2019-01-02T15:43:19.628Z"}
{"level":"info","message":"connected to mongodb","timestamp":"2019-01-02T15:43:21.240Z"}
{"level":"info","message":"Listening on port 3002","timestamp":"2019-01-02T15:47:38.118Z"}
{"level":"info","message":"connected to mongodb","timestamp":"2019-01-02T15:47:39.837Z"}
{"level":"info","message":"Listening on port 3002","timestamp":"2019-01-02T15:48:59.905Z"}
{"level":"info","message":"connected to mongodb","timestamp":"2019-01-02T15:49:02.091Z"}
{"level":"info","message":"Listening on port 3002","timestamp":"2019-01-02T15:56:30.073Z"}
{"level":"info","message":"connected to mongodb","timestamp":"2019-01-02T15:56:31.501Z"}
{"level":"info","message":"Listening on port 3002","timestamp":"2019-01-02T15:56:36.449Z"}
{"level":"info","message":"connected to mongodb","timestamp":"2019-01-02T15:56:38.420Z"}
{"level":"info","message":"Listening on port 3002","timestamp":"2019-01-02T15:57:15.058Z"}
{"level":"info","message":"connected to mongodb","timestamp":"2019-01-02T15:57:16.534Z"}
{"level":"info","message":"Listening on port 3002","timestamp":"2019-01-02T15:57:50.521Z"}
{"level":"info","message":"connected to mongodb","timestamp":"2019-01-02T15:57:52.514Z"}
{"message":"done is not defined","stack":"ReferenceError: done is not defined\n    at router.put (/Users/Chokobar/Documents/Projects/EVocab/EVocab/server/routes/vocab.js:18:9)\n    at <anonymous>\n    at process._tickCallback (internal/process/next_tick.js:188:7)","level":"error","timestamp":"2019-01-02T15:57:56.918Z"}
{"message":"done is not defined","stack":"ReferenceError: done is not defined\n    at router.put (/Users/Chokobar/Documents/Projects/EVocab/EVocab/server/routes/vocab.js:18:9)\n    at <anonymous>\n    at process._tickCallback (internal/process/next_tick.js:188:7)","level":"error","timestamp":"2019-01-02T15:58:11.785Z"}
{"level":"info","message":"Listening on port 3002","timestamp":"2019-01-02T15:58:19.292Z"}
{"level":"info","message":"connected to mongodb","timestamp":"2019-01-02T15:58:21.028Z"}
{"level":"info","message":"Listening on port 3002","timestamp":"2019-01-02T15:58:52.430Z"}
{"level":"info","message":"connected to mongodb","timestamp":"2019-01-02T15:58:54.006Z"}
{"level":"info","message":"Listening on port 3002","timestamp":"2019-01-02T15:59:07.788Z"}
{"level":"info","message":"connected to mongodb","timestamp":"2019-01-02T15:59:09.346Z"}
{"level":"info","message":"Listening on port 3002","timestamp":"2019-01-02T15:59:16.053Z"}
{"level":"info","message":"connected to mongodb","timestamp":"2019-01-02T15:59:17.398Z"}
{"message":"done is not defined","stack":"ReferenceError: done is not defined\n    at router.put (/Users/Chokobar/Documents/Projects/EVocab/EVocab/server/routes/vocab.js:18:9)\n    at <anonymous>\n    at process._tickCallback (internal/process/next_tick.js:188:7)","level":"error","timestamp":"2019-01-02T15:59:19.893Z"}
{"message":"done is not defined","stack":"ReferenceError: done is not defined\n    at router.put (/Users/Chokobar/Documents/Projects/EVocab/EVocab/server/routes/vocab.js:18:9)\n    at <anonymous>\n    at process._tickCallback (internal/process/next_tick.js:188:7)","level":"error","timestamp":"2019-01-02T16:00:02.604Z"}
{"level":"info","message":"Listening on port 3002","timestamp":"2019-01-02T16:00:36.116Z"}
{"level":"info","message":"connected to mongodb","timestamp":"2019-01-02T16:00:37.498Z"}
{"level":"info","message":"Listening on port 3002","timestamp":"2019-01-02T16:04:25.943Z"}
{"level":"info","message":"connected to mongodb","timestamp":"2019-01-02T16:04:27.546Z"}
{"message":"Cannot read property 'push' of undefined","stack":"TypeError: Cannot read property 'push' of undefined\n    at router.put (/Users/Chokobar/Documents/Projects/EVocab/EVocab/server/routes/vocab.js:15:16)\n    at <anonymous>\n    at process._tickCallback (internal/process/next_tick.js:188:7)","level":"error","timestamp":"2019-01-02T16:04:38.091Z"}
{"level":"info","message":"Listening on port 3002","timestamp":"2019-01-02T16:05:02.793Z"}
{"level":"info","message":"connected to mongodb","timestamp":"2019-01-02T16:05:04.212Z"}
{"level":"info","message":"Listening on port 3002","timestamp":"2019-01-02T16:05:19.257Z"}
{"level":"info","message":"connected to mongodb","timestamp":"2019-01-02T16:05:20.880Z"}
{"level":"info","message":"Listening on port 3002","timestamp":"2019-01-02T16:06:36.135Z"}
{"level":"info","message":"connected to mongodb","timestamp":"2019-01-02T16:06:37.839Z"}
{"message":"User.save is not a function","stack":"TypeError: User.save is not a function\n    at router.put (/Users/Chokobar/Documents/Projects/EVocab/EVocab/server/routes/vocab.js:19:10)\n    at <anonymous>\n    at process._tickCallback (internal/process/next_tick.js:188:7)","level":"error","timestamp":"2019-01-02T16:06:39.936Z"}
{"level":"info","message":"Listening on port 3002","timestamp":"2019-01-02T16:07:20.136Z"}
{"level":"info","message":"Listening on port 3002","timestamp":"2019-01-02T16:07:23.333Z"}
{"level":"info","message":"connected to mongodb","timestamp":"2019-01-02T16:07:25.551Z"}
{"level":"info","message":"Listening on port 3002","timestamp":"2019-01-02T16:07:32.225Z"}
{"level":"info","message":"connected to mongodb","timestamp":"2019-01-02T16:07:34.022Z"}
{"message":"model.Query is not a constructor","stack":"TypeError: model.Query is not a constructor\n    at _update (/Users/Chokobar/Documents/Projects/EVocab/EVocab/server/node_modules/mongoose/lib/model.js:3143:14)\n    at new update (/Users/Chokobar/Documents/Projects/EVocab/EVocab/server/node_modules/mongoose/lib/model.js:3062:10)\n    at router.put (/Users/Chokobar/Documents/Projects/EVocab/EVocab/server/routes/vocab.js:15:18)\n    at <anonymous>\n    at process._tickCallback (internal/process/next_tick.js:188:7)","level":"error","timestamp":"2019-01-02T16:07:45.679Z"}
{"level":"info","message":"Listening on port 3002","timestamp":"2019-01-02T16:08:23.513Z"}
{"level":"info","message":"connected to mongodb","timestamp":"2019-01-02T16:08:25.154Z"}
{"message":"user.save is not a function","stack":"TypeError: user.save is not a function\n    at router.put (/Users/Chokobar/Documents/Projects/EVocab/EVocab/server/routes/vocab.js:19:10)\n    at <anonymous>\n    at process._tickCallback (internal/process/next_tick.js:188:7)","level":"error","timestamp":"2019-01-02T16:08:30.462Z"}
{"level":"info","message":"Listening on port 3002","timestamp":"2019-01-02T16:08:44.350Z"}
{"level":"info","message":"connected to mongodb","timestamp":"2019-01-02T16:08:46.091Z"}
{"level":"info","message":"Listening on port 3002","timestamp":"2019-01-02T16:11:29.669Z"}
{"level":"info","message":"connected to mongodb","timestamp":"2019-01-02T16:11:31.097Z"}
{"level":"info","message":"Listening on port 3002","timestamp":"2019-01-02T16:14:58.632Z"}
{"level":"info","message":"connected to mongodb","timestamp":"2019-01-02T16:15:00.221Z"}
{"level":"info","message":"Listening on port 3002","timestamp":"2019-01-02T16:15:06.515Z"}
{"level":"info","message":"connected to mongodb","timestamp":"2019-01-02T16:15:07.876Z"}
{"level":"info","message":"Listening on port 3002","timestamp":"2019-01-02T16:15:14.502Z"}
{"level":"info","message":"connected to mongodb","timestamp":"2019-01-02T16:15:16.180Z"}
{"level":"info","message":"Listening on port 3002","timestamp":"2019-01-02T16:17:59.525Z"}
{"level":"info","message":"Listening on port 3002","timestamp":"2019-01-02T16:18:06.468Z"}
{"level":"info","message":"connected to mongodb","timestamp":"2019-01-02T16:18:08.672Z"}
{"level":"info","message":"Listening on port 3002","timestamp":"2019-01-02T16:18:34.524Z"}
{"level":"info","message":"connected to mongodb","timestamp":"2019-01-02T16:18:36.368Z"}
{"level":"info","message":"Listening on port 3002","timestamp":"2019-01-02T16:19:21.239Z"}
{"level":"info","message":"connected to mongodb","timestamp":"2019-01-02T16:19:23.329Z"}
{"level":"info","message":"Listening on port 3002","timestamp":"2019-01-02T16:23:21.229Z"}
{"level":"info","message":"connected to mongodb","timestamp":"2019-01-02T16:23:22.779Z"}
{"level":"info","message":"Listening on port 3002","timestamp":"2019-01-02T16:39:34.088Z"}
{"level":"info","message":"connected to mongodb","timestamp":"2019-01-02T16:39:35.965Z"}
{"level":"info","message":"Listening on port 3002","timestamp":"2019-01-02T16:42:32.002Z"}
{"level":"info","message":"connected to mongodb","timestamp":"2019-01-02T16:42:33.806Z"}
{"level":"info","message":"Listening on port 3002","timestamp":"2019-01-02T16:46:24.434Z"}
{"level":"info","message":"Listening on port 3002","timestamp":"2019-01-02T16:46:27.814Z"}
{"level":"info","message":"connected to mongodb","timestamp":"2019-01-02T16:46:29.441Z"}
{"level":"info","message":"Listening on port 3002","timestamp":"2019-01-02T16:47:18.752Z"}
{"level":"info","message":"connected to mongodb","timestamp":"2019-01-02T16:47:20.697Z"}
{"level":"info","message":"Listening on port 3002","timestamp":"2019-01-02T16:47:44.423Z"}
{"level":"info","message":"connected to mongodb","timestamp":"2019-01-02T16:47:46.098Z"}
{"message":"Cast to ObjectId failed for value \"{ id: 5c2cd0959f784c6f646e9075 }\" at path \"_id\" for model \"User\"","stack":"CastError: Cast to ObjectId failed for value \"{ id: 5c2cd0959f784c6f646e9075 }\" at path \"_id\" for model \"User\"\n    at new CastError (/Users/Chokobar/Documents/Projects/EVocab/EVocab/server/node_modules/mongoose/lib/error/cast.js:29:11)\n    at ObjectId.cast (/Users/Chokobar/Documents/Projects/EVocab/EVocab/server/node_modules/mongoose/lib/schema/objectid.js:156:13)\n    at ObjectId.SchemaType.applySetters (/Users/Chokobar/Documents/Projects/EVocab/EVocab/server/node_modules/mongoose/lib/schematype.js:790:12)\n    at ObjectId.SchemaType._castForQuery (/Users/Chokobar/Documents/Projects/EVocab/EVocab/server/node_modules/mongoose/lib/schematype.js:1193:15)\n    at ObjectId.SchemaType.castForQuery (/Users/Chokobar/Documents/Projects/EVocab/EVocab/server/node_modules/mongoose/lib/schematype.js:1183:15)\n    at ObjectId.SchemaType.castForQueryWrapper (/Users/Chokobar/Documents/Projects/EVocab/EVocab/server/node_modules/mongoose/lib/schematype.js:1162:15)\n    at cast (/Users/Chokobar/Documents/Projects/EVocab/EVocab/server/node_modules/mongoose/lib/cast.js:251:34)\n    at model.Query.Query.cast (/Users/Chokobar/Documents/Projects/EVocab/EVocab/server/node_modules/mongoose/lib/query.js:4065:12)\n    at model.Query.Query._castConditions (/Users/Chokobar/Documents/Projects/EVocab/EVocab/server/node_modules/mongoose/lib/query.js:1693:10)\n    at model.Query.Query._findOne (/Users/Chokobar/Documents/Projects/EVocab/EVocab/server/node_modules/mongoose/lib/query.js:1931:8)\n    at process.nextTick (/Users/Chokobar/Documents/Projects/EVocab/EVocab/server/node_modules/kareem/index.js:369:33)\n    at _combinedTickCallback (internal/process/next_tick.js:131:7)\n    at process._tickCallback (internal/process/next_tick.js:180:9)","name":"CastError","stringValue":"\"{ id: 5c2cd0959f784c6f646e9075 }\"","kind":"ObjectId","value":{"id":{"_bsontype":"ObjectID","id":{"0":92,"1":44,"2":208,"3":149,"4":159,"5":120,"6":76,"7":111,"8":100,"9":110,"10":144,"11":117}}},"path":"_id","level":"error","timestamp":"2019-01-02T16:47:54.115Z"}
{"level":"info","message":"Listening on port 3002","timestamp":"2019-01-02T16:48:50.520Z"}
{"level":"info","message":"connected to mongodb","timestamp":"2019-01-02T16:48:52.262Z"}
{"level":"info","message":"Listening on port 3002","timestamp":"2019-01-02T16:49:15.778Z"}
{"level":"info","message":"connected to mongodb","timestamp":"2019-01-02T16:49:18.461Z"}
{"level":"info","message":"Listening on port 3002","timestamp":"2019-01-02T16:50:02.102Z"}
{"level":"info","message":"connected to mongodb","timestamp":"2019-01-02T16:50:04.534Z"}
{"level":"info","message":"Listening on port 3002","timestamp":"2019-01-02T16:53:15.785Z"}
{"level":"info","message":"connected to mongodb","timestamp":"2019-01-02T16:53:17.912Z"}
{"level":"info","message":"Listening on port 3002","timestamp":"2019-01-02T16:54:08.786Z"}
{"level":"info","message":"connected to mongodb","timestamp":"2019-01-02T16:54:10.597Z"}
{"level":"info","message":"Listening on port 3002","timestamp":"2019-01-02T16:57:23.671Z"}
{"level":"info","message":"connected to mongodb","timestamp":"2019-01-02T16:57:25.495Z"}
{"level":"info","message":"Listening on port 3002","timestamp":"2019-01-02T16:58:02.947Z"}
{"level":"info","message":"connected to mongodb","timestamp":"2019-01-02T16:58:04.765Z"}
{"level":"info","message":"Listening on port 3002","timestamp":"2019-01-02T17:01:53.495Z"}
{"level":"info","message":"connected to mongodb","timestamp":"2019-01-02T17:01:55.200Z"}
{"level":"info","message":"Listening on port 3002","timestamp":"2019-01-02T17:02:46.162Z"}
{"level":"info","message":"connected to mongodb","timestamp":"2019-01-02T17:02:47.729Z"}
{"level":"info","message":"Listening on port 3002","timestamp":"2019-01-02T17:03:37.526Z"}
{"level":"info","message":"connected to mongodb","timestamp":"2019-01-02T17:03:38.895Z"}
{"level":"info","message":"Listening on port 3002","timestamp":"2019-01-02T17:05:12.261Z"}
{"level":"info","message":"connected to mongodb","timestamp":"2019-01-02T17:05:13.798Z"}
{"level":"info","message":"Listening on port 3002","timestamp":"2019-01-02T17:05:46.554Z"}
{"level":"info","message":"connected to mongodb","timestamp":"2019-01-02T17:05:48.173Z"}
